(1,2,((6,(5,#H7:0.0::0.2646777531386813):8.589582808242723):1.395415794817541,((4,3):1.1155266905165384)#H7:2.8598943244293635::0.7353222468613188):9.921759647052681);
(1,2,((4,(3)#H7:::0.8485510297913025):10.0,(6,(5,#H7:::0.15144897020869752):1.3435403815328735):0.7983587341724342):10.0);
(1,((4,(3)#H7:::0.8389753526873569):10.0,(6,(5,#H7:::0.16102464731264315):1.5066142589867946):0.7617910149819567):10.0,2);
(1,2,((4,(3)#H7:::0.8377618674772913):10.0,(6,(5,#H7:::0.16223813252270872):1.3273399500907928):0.8243379489388287):10.0);
(1,2,((4,(3)#H7:::0.837668558764431):10.0,(6,(5,#H7:::0.16233144123556897):1.392394409118733):0.7150763124355667):10.0);
(1,2,((4,(3)#H7:::0.844317507199394):10.0,(6,(5,#H7:::0.15568249280060598):1.475750547726991):0.7806718784806786):10.0);
(1,2,((6,(5,#H7:::0.1684243243884615):1.0797357510721206):0.7778524517889215,(4,(3)#H7:::0.8315756756115384):10.0):10.0);
(1,2,((6,(5,#H7:::0.16133558146290616):1.3251077218060918):0.7873087853523784,(4,(3)#H7:::0.8386644185370938):10.0):10.0);
(1,2,((6,(5,#H7:::0.16086162583593053):1.6102270293673693):0.7471060268580829,(4,(3)#H7:::0.8391383741640694):10.0):10.0);
(1,2,(((5,#H7:::0.16227934178755987):1.3632096869959855,6):0.8003342293673057,(4,(3)#H7:::0.8377206582124401):10.0):10.0);
(1,2,((6,(5,#H7:::0.1706233145424704):1.2235624146375719):0.7738554543223649,(4,(3)#H7:::0.8293766854575296):10.0):10.0);
(1,2,((6,(5,#H7:::0.158892451860376):1.394055896082799):0.7183050068968768,(4,(3)#H7:::0.841107548139624):10.0):10.0);
((1,2):10.0,(6,(5,#H7:::0.16413859465908548):1.4752729041950838):0.7300888990384635,(4,(3)#H7:::0.8358614053409146):10.0);
(1,2,((4,(3)#H7:::0.8247173339946279):10.0,(6,(5,#H7:::0.1752826660053721):1.1962597244026336):0.7354978611148544):10.0);
(1,2,((6,(5,#H7:::0.15638085342050542):1.5339047299562356):0.7624035933596921,(4,(3)#H7:::0.8436191465794945):10.0):10.0);
(2,((4,(3)#H7:::0.8222207024153847):10.0,(6,(5,#H7:::0.17777929758461536):1.129625190088938):0.8031244252248031):10.0,1);
(1,2,((6,(5,#H7:::0.16980181706862216):1.257038263560551):0.7331417974578138,(4,(3)#H7:::0.8301981829313778):10.0):10.0);
(2,1,((6,(5,#H7:::0.16193548725135623):1.1214311469586622):0.7526722394979115,(4,(3)#H7:::0.8380645127486438):10.0):10.0);
(1,2,((6,(5,#H7:::0.15667202680348763):1.221859867690604):0.7563411369620234,(4,(3)#H7:::0.8433279731965124):10.0):10.0);
(1,2,((4,(3)#H7:::0.8390543617787262):10.0,(6,(5,#H7:::0.16094563822127383):1.1403992952579851):0.735668596962567):10.0);
(1,2,((4,(3)#H7:::0.8387345232825361):10.0,(6,(5,#H7:::0.1612654767174639):1.1549035532281233):0.7771273107304141):10.0);
(1,2,((6,(5,#H7:::0.15866430287828673):1.257886130735497):0.7733421409841325,(4,(3)#H7:::0.8413356971217133):10.0):10.0);
(1,2,((6,(5,#H7:::0.1590429194284353):1.3384401713854324):0.7941067354994339,(4,(3)#H7:::0.8409570805715647):10.0):10.0);
(1,2,((6,(5,#H7:::0.15873891986778058):1.1968269915312157):0.7383892131318699,(4,(3)#H7:::0.8412610801322195):10.0):10.0);
(1,2,((4,(3)#H9:::0.8267367133787951):10.0,(6,(5,#H9:::0.173263286621205):1.1186614705880844):0.7938562014069832):10.0);
(1,2,((4,(3)#H7:::0.841539758976192):10.0,(6,(5,#H7:::0.15846024102380796):1.029079247004937):0.7533195975885482):10.0);
(1,2,((6,(5,#H7:::0.17478528711144276):1.1368290108010863):0.7212029405958128,(4,(3)#H7:::0.8252147128885572):10.0):10.0);
(1,2,((6,(5,#H7:0.0::0.2577169953676408):7.503782416054059):1.2525048960053793,((4,3):1.12980278412343)#H7:10.0::0.7422830046323592):9.8068411234838);
(1,2,((4,(3)#H7:::0.833940406895638):10.0,(6,(5,#H7:::0.16605959310436208):1.1511303532137156):0.6619763610151808):10.0);
(1,2,((6,(5,#H7:::0.17146439126813573):1.26829772477821):0.7578638179904147,(4,(3)#H7:::0.8285356087318643):10.0):10.0);
(1,2,((4,(3)#H7:::0.8301356192315715):10.0,(6,(5,#H7:::0.16986438076842847):1.315270674314049):0.8072036884043019):10.0);
((((2,1):10.0,(4,(3)#H7:::0.8396964260169659):10.0):0.7744933213505824,6):1.3527483467731645,5,#H7:::0.16030357398303405);
(2,((6,(5,#H7:::0.15928922394533607):1.3772555880561963):0.7600145991861186,(4,(3)#H7:::0.8407107760546639):10.0):10.0,1);
(1,2,((6,(5,#H7:::0.1534679433914856):1.4600400856026143):0.7738459063510439,(4,(3)#H7:::0.8465320566085144):10.0):10.0);
(1,2,((4,(3)#H7:::0.8420670687506288):10.0,((5,#H7:::0.15793293124937122):1.4508703306416202,6):0.7501905265520856):10.0);
(2,1,((6,(5,#H7:::0.16666503397627658):1.1680106296754542):0.6965751492149523,(4,(3)#H7:::0.8333349660237235):10.0):10.0);
(1,2,((4,(3)#H7:::0.8314635553829264):10.0,(6,(5,#H7:::0.16853644461707368):1.1754994935902696):0.7893676490095503):10.0);
(1,2,((6,(5,#H7:::0.15978981020342478):1.3606556846302988):0.8166022655533,(4,(3)#H7:::0.8402101897965752):10.0):10.0);
(1,2,(((5,#H7:::0.16500288089129178):1.0053287988059172,6):0.7731793811133809,(4,(3)#H7:::0.8349971191087082):10.0):10.0);
(1,2,((6,(5,#H7:::0.1543683608834947):1.3508743110745383):0.7947859492282594,(4,(3)#H7:::0.8456316391165053):10.0):10.0);
(1,2,((6,(5,#H7:::0.1589778019955348):1.1875694401952057):0.8091967511352374,(4,(3)#H7:::0.8410221980044652):10.0):10.0);
(1,2,((4,(3)#H7:::0.8328969311257975):10.0,(6,(5,#H7:::0.16710306887420243):1.3083920989162432):0.713754478853667):10.0);
(1,((6,(5,#H7:::0.1702843707639036):1.334717030062722):0.735325941407513,(4,(3)#H7:::0.8297156292360964):10.0):10.0,2);
(1,2,((6,(5,#H7:::0.16622742392823758):1.307349681854314):0.7270329706945684,(4,(3)#H7:::0.8337725760717625):10.0):10.0);
(2,((6,(5,#H7:::0.163682000914204):1.3720571512082966):0.7003297836765341,(4,(3)#H7:::0.836317999085796):10.0):10.0,1);
(1,2,((6,(5,#H7:::0.16720689605920033):1.055795492760008):0.7877898003810033,(4,(3)#H7:::0.8327931039407996):10.0):10.0);
(1,2,((6,(5,#H7:::0.16963473398752796):1.2778455627572276):0.7374148222842856,(4,(3)#H7:::0.8303652660124721):10.0):10.0);
(1,2,((6,(5,#H7:::0.162323225549156):1.3198773305715539):0.7725961878404705,(4,(3)#H7:::0.837676774450844):10.0):10.0);
(1,2,(((5,6):0.5861348488855835)#H7:0.023682928965186645::0.868184876808811,(4,(3,#H7:0.0::0.1318151231911891):10.0):10.0):9.914162008039408);
(1,2,((4,(3)#H7:::0.8260526760838799):10.0,(6,(5,#H7:::0.1739473239161201):1.2374256053065573):0.7605774529144814):10.0);
(1,2,((4,(3)#H7:::0.8325042968984809):10.0,(6,(5,#H7:::0.1674957031015191):1.1102521753039871):0.7249404954621305):10.0);
(1,2,((6,(5,#H7:::0.1682905573003089):1.091714050126534):0.806989840443478,(4,(3)#H7:::0.8317094426996912):10.0):10.0);
(1,2,((6,(5,#H7:::0.1646567566754579):1.132303429679642):0.6928393860387234,(4,(3)#H7:::0.8353432433245421):10.0):10.0);
(1,2,((6,(5)#H7:::0.8036760352067266):1.1527326360260837,(4,(3,#H7:::0.19632396479327338):1.139794783288074):2.261605713153478):10.0);
(1,2,((6,(5,#H7:::0.1675738475028759):1.2012199286656107):0.7986460334260298,(4,(3)#H7:::0.8324261524971241):10.0):10.0);
(2,1,((6,(5,#H7:::0.16089311192332137):1.5951599573126771):0.7805047977183761,(4,(3)#H7:::0.8391068880766787):10.0):10.0);
(1,2,((6,(5,#H7:::0.1595401552334045):1.1752891960903267):0.7126621521016286,(4,(3)#H7:::0.8404598447665955):10.0):10.0);
(1,2,((6,(5,#H7:::0.1703355458630534):1.2426497577809503):0.6692915606514956,(4,(3)#H7:::0.8296644541369466):10.0):10.0);
(1,2,((6,(5,#H7:::0.15722943084548827):1.4398945910151042):0.8453795804253386,(4,(3)#H7:::0.8427705691545118):10.0):10.0);
(1,2,((4,(3)#H7:::0.8366409549078431):10.0,(6,(5,#H7:::0.16335904509215696):1.3667863605776678):0.7129003717054092):10.0);
(1,2,((4,(3)#H7:::0.8345269987614491):10.0,(6,(5,#H7:::0.16547300123855094):1.4482273934845036):0.7695954384764103):10.0);
(1,2,((6,(5,#H7:::0.1682973642486251):1.4914203418356582):0.7530723834458312,(4,(3)#H7:::0.8317026357513749):10.0):10.0);
(1,2,((4,(3)#H7:::0.8430477558468198):10.0,((5,#H7:::0.15695224415318024):1.5220381447724367,6):0.707037644590854):10.0);
(1,2,((6,(5,#H7:::0.17246969980911842):1.0604208215906639):0.7195975388702104,(4,(3)#H7:::0.8275303001908816):10.0):10.0);
(1,2,((4,(3)#H7:::0.8427693485513855):10.0,(6,(5,#H7:::0.1572306514486145):1.2402089694136267):0.7845194665207961):10.0);
(1,2,((6,(5)#H7:::0.8075524870041128):1.0724251600166625,(4,(3,#H7:::0.19244751299588728):0.8221361654391136):2.280524525293538):9.999999999999998);
(1,2,((4,(3)#H7:::0.8405566071449219):10.0,(6,(5,#H7:::0.1594433928550781):1.4350164501304263):0.7911252444524611):10.0);
(1,2,((4,(3)#H7:::0.8379235112325844):10.0,(6,(5,#H7:::0.16207648876741565):1.2599450633739908):0.6978227313028621):10.0);
(2,1,((4,(3,#H7:0.0::0.12821331352364776):10.0):10.0,((5,6):0.3930661196649051)#H7:0.3178236875378055::0.8717866864763523):9.998904013298779);
(1,2,((6,(5,#H7:::0.15858314296144702):0.9982968032022155):0.7316865222934171,(4,(3)#H7:::0.841416857038553):10.0):10.0);
(1,2,((4,(3)#H7:::0.8350036396786166):10.0,(6,(5,#H7:::0.16499636032138346):1.1482255025925685):0.8398944927984962):10.0);
(1,2,((6,(5,#H7:::0.1669921428621197):1.3065316907558855):0.7684624363789511,(4,(3)#H7:::0.8330078571378803):10.0):10.0);
(1,2,((4,(3)#H7:::0.8330237879345697):10.0,(6,(5,#H7:::0.1669762120654303):1.3221314843132987):0.7503353377893968):10.0);
((2,1):10.0,(6,(5,#H7:::0.17111413098306144):1.264453917740954):0.768306360703181,(4,(3)#H7:::0.8288858690169385):10.0);
(1,2,((6,(5,#H7:::0.1616334537233407):1.073076739274427):0.769814945819512,(4,(3)#H7:::0.8383665462766593):10.0):10.0);
((6,(5,#H7:::0.17254708039401812):1.0567324565745844):0.764562322527206,(2,1):10.0,(4,(3)#H7:::0.8274529196059819):10.0);
(1,2,((6,(5,#H7:::0.15771870829768925):1.3299029942115759):0.830811705109099,(4,(3)#H7:::0.8422812917023108):10.0):10.0);
(1,2,((6,(5,#H7:::0.1653717549305292):1.4523529448852706):0.7705557428494655,(4,(3)#H7:::0.8346282450694709):10.0):10.0);
(1,2,((4,(3)#H7:::0.8337077959562972):10.0,(6,(5,#H7:::0.16629220404370282):1.2469257769148283):0.7651278517919969):10.0);
(1,2,((6,(5,#H7:::0.15948413670367456):1.2877099056255015):0.7471994786440119,(4,(3)#H7:::0.8405158632963254):10.0):10.0);
(1,2,((6,(5,#H7:::0.15734184031866116):1.0288525619319755):0.7890975004075986,(4,(3)#H7:::0.8426581596813388):10.0):10.0);
(1,2,((6,(5,#H7:::0.16329167053834467):1.5337157513788977):0.8228999989155122,(4,(3)#H7:::0.8367083294616553):10.0):10.0);
(1,2,((4,(3)#H7:::0.8339167462882193):10.0,(6,(5,#H7:::0.16608325371178065):1.3414872151812482):0.7194064157240793):10.0);
(1,2,((4,(3)#H7:::0.8384258112817815):10.0,(6,(5,#H7:::0.1615741887182185):1.4649623725519787):0.8075797203277653):10.0);
(1,2,((6,(5,#H7:::0.1540500934344307):1.3610905221292207):0.82939519656302,(4,(3)#H7:::0.8459499065655693):10.0):10.0);
(1,2,((6,(5,#H7:::0.16611371399231828):1.2957486802129645):0.7105146380464283,(4,(3)#H7:::0.8338862860076817):10.0):10.0);
(1,2,((6,(5,#H7:::0.16371754446729514):1.4982527188565418):0.7678908233894484,(4,(3)#H7:::0.8362824555327049):10.0):10.0);
(1,2,((4,(3)#H7:::0.835448345463921):10.0,(6,(5,#H7:::0.164551654536079):1.0746438486857441):0.7465568883222903):10.0);
(1,2,((4,(3,#H7:0.0::0.13319410212948088):10.0):10.0,((6,5):0.6236900402335087)#H7:0.0::0.8668058978705191):9.991048306664798);
(2,1,((6,(5,#H7:::0.14853880405169828):1.4421937298766894):0.7956368909634189,(4,(3)#H7:::0.8514611959483017):10.0):10.0);
(1,2,((4,(3)#H7:::0.845223248064835):10.0,(6,(5,#H7:::0.15477675193516507):1.2660625038984834):0.7682393703539305):10.0);
(1,2,((4,(3)#H7:::0.8321089928887353):10.0,(6,(5,#H7:::0.16789100711126473):1.1081522465470883):0.7531291454740439):10.0);
(1,2,((6,(5,#H7:::0.15724176109393034):1.4594364381144898):0.7904414709528024,(4,(3)#H7:::0.8427582389060697):10.0):10.0);
(1,2,((6,(5,#H7:::0.15803260606388322):1.2045189201495463):0.7610854060706387,(4,(3)#H7:::0.8419673939361167):10.0):10.0);
(1,2,(((5,#H7:::0.15662260838928482):1.2567566549311104,6):0.8106499392175648,(4,(3)#H7:::0.8433773916107152):10.0):10.0);
(2,1,((6,(5,#H7:::0.16101251260573046):1.3099481271004578):0.7173547014085716,(4,(3)#H7:::0.8389874873942695):10.0):10.0);
(1,2,((6,(5,#H7:::0.15871425053236846):1.2289339477098957):0.6946358878059926,(4,(3)#H7:::0.8412857494676316):10.0):10.0);
(1,2,((4,(3)#H7:::0.8324606553811067):10.0,(6,(5,#H7:::0.16753934461889325):1.506155947727092):0.8031275551842851):10.0);
(1,2,((6,(5,#H7:::0.16342103946906653):1.268029725435777):0.7290758063532333,(4,(3)#H7:::0.8365789605309335):10.0):10.0);
(1,2,((4,(3)#H7:::0.8414119779732773):10.0,(6,(5,#H7:::0.15858802202672273):1.1838684892192206):0.7699164370196492):10.0);
